{"uid":"990def4168fd6056","name":"test_deleting_data","fullName":"test.test_conduit.TestConduit#test_deleting_data","historyId":"0cf77d32a83e4fae3c4034b0fd252925","time":{"start":1656272030321,"stop":1656272044118,"duration":13797},"status":"broken","statusMessage":"selenium.common.exceptions.TimeoutException: Message:","statusTrace":"self = <test_conduit.TestConduit object at 0x7f6f5c5668b0>\n\n    def test_deleting_data(self):\n        login(self.browser, t_user[\"email\"], t_user[\"pwd\"])\n    \n        first_article = self.browser.find_elements_by_xpath('//a[@class=\"preview-link\"]/h1')[0]\n        first_article.click()\n        time.sleep(1)\n        number_of_comments = len(self.browser.find_elements_by_xpath('//div[@class=\"card\"]'))\n        textarea = self.browser.find_element_by_xpath('//textarea[@placeholder=\"Write a comment...\"]')\n        post_comment_btn = self.browser.find_element_by_xpath('//button[@class=\"btn btn-sm btn-primary\"]')\n        textarea.send_keys(t_comment[\"comment\"])\n        post_comment_btn.click()\n        # time.sleep(1)  # nem működik nélküle\n>       delete_btn = WebDriverWait(self.browser, 10).until(ec.presence_of_element_located(\n            (By.XPATH, '//i[@class=\"ion-trash-a\"]')))\n\ntest/test_conduit.py:164: \n_ _ _ _ _ _ _ _ _ _ _ _ _ _ _ _ _ _ _ _ _ _ _ _ _ _ _ _ _ _ _ _ _ _ _ _ _ _ _ _ \n\nself = <selenium.webdriver.support.wait.WebDriverWait (session=\"aa35c5719dca2967bd2773529b1f19a4\")>\nmethod = <selenium.webdriver.support.expected_conditions.presence_of_element_located object at 0x7f6f5c3ac640>\nmessage = ''\n\n    def until(self, method, message=''):\n        \"\"\"Calls the method provided with the driver as an argument until the \\\n        return value is not False.\"\"\"\n        screen = None\n        stacktrace = None\n    \n        end_time = time.time() + self._timeout\n        while True:\n            try:\n                value = method(self._driver)\n                if value:\n                    return value\n            except self._ignored_exceptions as exc:\n                screen = getattr(exc, 'screen', None)\n                stacktrace = getattr(exc, 'stacktrace', None)\n            time.sleep(self._poll)\n            if time.time() > end_time:\n                break\n>       raise TimeoutException(message, screen, stacktrace)\nE       selenium.common.exceptions.TimeoutException: Message:\n\n/opt/hostedtoolcache/Python/3.9.5/x64/lib/python3.9/site-packages/selenium/webdriver/support/wait.py:80: TimeoutException","flaky":false,"newFailed":false,"newBroken":false,"newPassed":false,"retriesCount":0,"retriesStatusChange":false,"beforeStages":[{"name":"_xunit_setup_method_fixture_TestConduit","time":{"start":1656272028597,"stop":1656272030320,"duration":1723},"status":"passed","steps":[],"attachments":[],"parameters":[],"stepsCount":0,"attachmentsCount":0,"shouldDisplayMessage":false,"hasContent":false}],"testStage":{"status":"broken","statusMessage":"selenium.common.exceptions.TimeoutException: Message:","statusTrace":"self = <test_conduit.TestConduit object at 0x7f6f5c5668b0>\n\n    def test_deleting_data(self):\n        login(self.browser, t_user[\"email\"], t_user[\"pwd\"])\n    \n        first_article = self.browser.find_elements_by_xpath('//a[@class=\"preview-link\"]/h1')[0]\n        first_article.click()\n        time.sleep(1)\n        number_of_comments = len(self.browser.find_elements_by_xpath('//div[@class=\"card\"]'))\n        textarea = self.browser.find_element_by_xpath('//textarea[@placeholder=\"Write a comment...\"]')\n        post_comment_btn = self.browser.find_element_by_xpath('//button[@class=\"btn btn-sm btn-primary\"]')\n        textarea.send_keys(t_comment[\"comment\"])\n        post_comment_btn.click()\n        # time.sleep(1)  # nem működik nélküle\n>       delete_btn = WebDriverWait(self.browser, 10).until(ec.presence_of_element_located(\n            (By.XPATH, '//i[@class=\"ion-trash-a\"]')))\n\ntest/test_conduit.py:164: \n_ _ _ _ _ _ _ _ _ _ _ _ _ _ _ _ _ _ _ _ _ _ _ _ _ _ _ _ _ _ _ _ _ _ _ _ _ _ _ _ \n\nself = <selenium.webdriver.support.wait.WebDriverWait (session=\"aa35c5719dca2967bd2773529b1f19a4\")>\nmethod = <selenium.webdriver.support.expected_conditions.presence_of_element_located object at 0x7f6f5c3ac640>\nmessage = ''\n\n    def until(self, method, message=''):\n        \"\"\"Calls the method provided with the driver as an argument until the \\\n        return value is not False.\"\"\"\n        screen = None\n        stacktrace = None\n    \n        end_time = time.time() + self._timeout\n        while True:\n            try:\n                value = method(self._driver)\n                if value:\n                    return value\n            except self._ignored_exceptions as exc:\n                screen = getattr(exc, 'screen', None)\n                stacktrace = getattr(exc, 'stacktrace', None)\n            time.sleep(self._poll)\n            if time.time() > end_time:\n                break\n>       raise TimeoutException(message, screen, stacktrace)\nE       selenium.common.exceptions.TimeoutException: Message:\n\n/opt/hostedtoolcache/Python/3.9.5/x64/lib/python3.9/site-packages/selenium/webdriver/support/wait.py:80: TimeoutException","steps":[],"attachments":[{"uid":"bd3556bd37127e40","name":"log","source":"bd3556bd37127e40.txt","type":"text/plain","size":338},{"uid":"87fbd007c3d85d09","name":"stdout","source":"87fbd007c3d85d09.txt","type":"text/plain","size":1},{"uid":"d0f044c5d139c908","name":"stderr","source":"d0f044c5d139c908.txt","type":"text/plain","size":267}],"parameters":[],"stepsCount":0,"attachmentsCount":3,"shouldDisplayMessage":true,"hasContent":true},"afterStages":[{"name":"_xunit_setup_method_fixture_TestConduit::0","time":{"start":1656272044205,"stop":1656272044261,"duration":56},"status":"passed","steps":[],"attachments":[],"parameters":[],"stepsCount":0,"attachmentsCount":0,"shouldDisplayMessage":false,"hasContent":false}],"labels":[{"name":"parentSuite","value":"test"},{"name":"suite","value":"test_conduit"},{"name":"subSuite","value":"TestConduit"},{"name":"host","value":"fv-az445-197"},{"name":"thread","value":"3072-MainThread"},{"name":"framework","value":"pytest"},{"name":"language","value":"cpython3"},{"name":"package","value":"test.test_conduit"},{"name":"resultFormat","value":"allure2"}],"parameters":[],"links":[],"hidden":false,"retry":false,"extra":{"severity":"normal","retries":[],"categories":[{"name":"Test defects","matchedStatuses":[],"flaky":false}],"tags":[]},"source":"990def4168fd6056.json","parameterValues":[]}