{"uid":"8c3708ca86db7fc8","name":"test_deleting_data","fullName":"test.test_conduit.TestConduit#test_deleting_data","historyId":"0cf77d32a83e4fae3c4034b0fd252925","time":{"start":1656272453746,"stop":1656272487296,"duration":33550},"status":"broken","statusMessage":"selenium.common.exceptions.TimeoutException: Message:","statusTrace":"self = <test_conduit.TestConduit object at 0x7facdc578790>\n\n    def test_deleting_data(self):\n        login(self.browser, t_user[\"email\"], t_user[\"pwd\"])\n    \n        first_article = self.browser.find_elements_by_xpath('//a[@class=\"preview-link\"]/h1')[0]\n        first_article.click()\n        time.sleep(1)\n        number_of_comments = len(self.browser.find_elements_by_xpath('//div[@class=\"card\"]'))\n        textarea = self.browser.find_element_by_xpath('//textarea[@placeholder=\"Write a comment...\"]')\n        post_comment_btn = self.browser.find_element_by_xpath('//button[@class=\"btn btn-sm btn-primary\"]')\n        textarea.send_keys(t_comment[\"comment\"])\n        post_comment_btn.click()\n        # time.sleep(1)  # nem működik nélküle\n>       delete_btn = WebDriverWait(self.browser, 30).until(ec.presence_of_element_located(\n            (By.XPATH, '//i[@class=\"ion-trash-a\"]')))\n\ntest/test_conduit.py:164: \n_ _ _ _ _ _ _ _ _ _ _ _ _ _ _ _ _ _ _ _ _ _ _ _ _ _ _ _ _ _ _ _ _ _ _ _ _ _ _ _ \n\nself = <selenium.webdriver.support.wait.WebDriverWait (session=\"f7277574b2f57f6660dd1ecd1c58f499\")>\nmethod = <selenium.webdriver.support.expected_conditions.presence_of_element_located object at 0x7facdbf2e580>\nmessage = ''\n\n    def until(self, method, message=''):\n        \"\"\"Calls the method provided with the driver as an argument until the \\\n        return value is not False.\"\"\"\n        screen = None\n        stacktrace = None\n    \n        end_time = time.time() + self._timeout\n        while True:\n            try:\n                value = method(self._driver)\n                if value:\n                    return value\n            except self._ignored_exceptions as exc:\n                screen = getattr(exc, 'screen', None)\n                stacktrace = getattr(exc, 'stacktrace', None)\n            time.sleep(self._poll)\n            if time.time() > end_time:\n                break\n>       raise TimeoutException(message, screen, stacktrace)\nE       selenium.common.exceptions.TimeoutException: Message:\n\n/opt/hostedtoolcache/Python/3.9.5/x64/lib/python3.9/site-packages/selenium/webdriver/support/wait.py:80: TimeoutException","flaky":false,"newFailed":false,"newBroken":false,"newPassed":false,"retriesCount":0,"retriesStatusChange":false,"beforeStages":[{"name":"_xunit_setup_method_fixture_TestConduit","time":{"start":1656272452035,"stop":1656272453744,"duration":1709},"status":"passed","steps":[],"attachments":[],"parameters":[],"stepsCount":0,"attachmentsCount":0,"shouldDisplayMessage":false,"hasContent":false}],"testStage":{"status":"broken","statusMessage":"selenium.common.exceptions.TimeoutException: Message:","statusTrace":"self = <test_conduit.TestConduit object at 0x7facdc578790>\n\n    def test_deleting_data(self):\n        login(self.browser, t_user[\"email\"], t_user[\"pwd\"])\n    \n        first_article = self.browser.find_elements_by_xpath('//a[@class=\"preview-link\"]/h1')[0]\n        first_article.click()\n        time.sleep(1)\n        number_of_comments = len(self.browser.find_elements_by_xpath('//div[@class=\"card\"]'))\n        textarea = self.browser.find_element_by_xpath('//textarea[@placeholder=\"Write a comment...\"]')\n        post_comment_btn = self.browser.find_element_by_xpath('//button[@class=\"btn btn-sm btn-primary\"]')\n        textarea.send_keys(t_comment[\"comment\"])\n        post_comment_btn.click()\n        # time.sleep(1)  # nem működik nélküle\n>       delete_btn = WebDriverWait(self.browser, 30).until(ec.presence_of_element_located(\n            (By.XPATH, '//i[@class=\"ion-trash-a\"]')))\n\ntest/test_conduit.py:164: \n_ _ _ _ _ _ _ _ _ _ _ _ _ _ _ _ _ _ _ _ _ _ _ _ _ _ _ _ _ _ _ _ _ _ _ _ _ _ _ _ \n\nself = <selenium.webdriver.support.wait.WebDriverWait (session=\"f7277574b2f57f6660dd1ecd1c58f499\")>\nmethod = <selenium.webdriver.support.expected_conditions.presence_of_element_located object at 0x7facdbf2e580>\nmessage = ''\n\n    def until(self, method, message=''):\n        \"\"\"Calls the method provided with the driver as an argument until the \\\n        return value is not False.\"\"\"\n        screen = None\n        stacktrace = None\n    \n        end_time = time.time() + self._timeout\n        while True:\n            try:\n                value = method(self._driver)\n                if value:\n                    return value\n            except self._ignored_exceptions as exc:\n                screen = getattr(exc, 'screen', None)\n                stacktrace = getattr(exc, 'stacktrace', None)\n            time.sleep(self._poll)\n            if time.time() > end_time:\n                break\n>       raise TimeoutException(message, screen, stacktrace)\nE       selenium.common.exceptions.TimeoutException: Message:\n\n/opt/hostedtoolcache/Python/3.9.5/x64/lib/python3.9/site-packages/selenium/webdriver/support/wait.py:80: TimeoutException","steps":[],"attachments":[{"uid":"3ca850b4290b83a5","name":"log","source":"3ca850b4290b83a5.txt","type":"text/plain","size":338},{"uid":"dabe1b1affea75b1","name":"stdout","source":"dabe1b1affea75b1.txt","type":"text/plain","size":1},{"uid":"ae214a132590d349","name":"stderr","source":"ae214a132590d349.txt","type":"text/plain","size":267}],"parameters":[],"stepsCount":0,"attachmentsCount":3,"shouldDisplayMessage":true,"hasContent":true},"afterStages":[{"name":"_xunit_setup_method_fixture_TestConduit::0","time":{"start":1656272487352,"stop":1656272487408,"duration":56},"status":"passed","steps":[],"attachments":[],"parameters":[],"stepsCount":0,"attachmentsCount":0,"shouldDisplayMessage":false,"hasContent":false}],"labels":[{"name":"parentSuite","value":"test"},{"name":"suite","value":"test_conduit"},{"name":"subSuite","value":"TestConduit"},{"name":"host","value":"fv-az202-44"},{"name":"thread","value":"3249-MainThread"},{"name":"framework","value":"pytest"},{"name":"language","value":"cpython3"},{"name":"package","value":"test.test_conduit"},{"name":"resultFormat","value":"allure2"}],"parameters":[],"links":[],"hidden":false,"retry":false,"extra":{"severity":"normal","retries":[],"categories":[{"name":"Test defects","matchedStatuses":[],"flaky":false}],"tags":[]},"source":"8c3708ca86db7fc8.json","parameterValues":[]}